time="2022-09-20T21:51:43+05:00" level=info msg="create router" func="main.main()" file="app.go:16"
time="2022-09-20T21:51:43+05:00" level=info msg="register user handler" func="main.main()" file="app.go:19"
time="2022-09-20T21:58:20+05:00" level=info msg="create router" func="main.main()" file="app.go:15"
time="2022-09-20T21:58:20+05:00" level=info msg="register user handler" func="main.main()" file="app.go:18"
time="2022-09-20T21:58:20+05:00" level=info msg="start application" func="main.start()" file="app.go:28"
time="2022-09-20T21:58:20+05:00" level=info msg="server is listening port 0.0.0.0:1234" func="main.start()" file="app.go:40"
time="2022-09-20T22:07:57+05:00" level=info msg="create router" func="main.main()" file="app.go:15"
time="2022-09-20T22:07:57+05:00" level=info msg="register user handler" func="main.main()" file="app.go:18"
time="2022-09-20T22:07:57+05:00" level=info msg="start application" func="main.start()" file="app.go:28"
time="2022-09-20T22:07:57+05:00" level=info msg="server is listening port 0.0.0.0:1234" func="main.start()" file="app.go:40"
time="2022-09-21T18:02:05+05:00" level=info msg="create router" func="main.main()" file="app.go:20"
time="2022-09-21T18:02:05+05:00" level=info msg="read application configuration" func="newProject/internal/config.GetConfig.func1()" file="config.go:25"
time="2022-09-21T18:02:05+05:00" level=info func="newProject/internal/config.GetConfig.func1()" file="config.go:29"
time="2022-09-21T18:02:05+05:00" level=fatal msg="open config.yml: The system cannot find the file specified." func="newProject/internal/config.GetConfig.func1()" file="config.go:30"
time="2022-09-23T00:12:58+05:00" level=info msg="create router" func="main.main()" file="app.go:23"
time="2022-09-23T00:12:58+05:00" level=info msg="read application configuration" func="newProject/internal/config.GetConfig.func1()" file="config.go:33"
time="2022-09-23T00:12:58+05:00" level=info func="newProject/internal/config.GetConfig.func1()" file="config.go:37"
time="2022-09-23T00:12:58+05:00" level=fatal msg="open config.yml: The system cannot find the file specified." func="newProject/internal/config.GetConfig.func1()" file="config.go:38"
time="2022-09-23T00:14:04+05:00" level=info msg="create router" func="main.main()" file="app.go:23"
time="2022-09-23T00:14:04+05:00" level=info msg="read application configuration" func="newProject/internal/config.GetConfig.func1()" file="config.go:33"
time="2022-09-23T15:00:47+05:00" level=info msg="create router" func="main.main()" file="app.go:23"
time="2022-09-23T15:00:47+05:00" level=info msg="read application configuration" func="newProject/internal/config.GetConfig.func1()" file="config.go:33"
time="2022-09-23T19:19:32+05:00" level=info msg="create router" func="main.main()" file="app.go:23"
time="2022-09-23T19:19:32+05:00" level=info msg="read application configuration" func="newProject/internal/config.GetConfig.func1()" file="config.go:33"
time="2022-09-23T19:25:57+05:00" level=info msg="create router" func="main.main()" file="app.go:23"
time="2022-09-23T19:25:57+05:00" level=info msg="read application configuration" func="newProject/internal/config.GetConfig.func1()" file="config.go:33"
time="2022-09-23T19:29:37+05:00" level=info msg="create router" func="main.main()" file="app.go:23"
time="2022-09-23T19:29:37+05:00" level=info msg="read application configuration" func="newProject/internal/config.GetConfig.func1()" file="config.go:33"
time="2022-09-23T19:32:53+05:00" level=info msg="create router" func="main.main()" file="app.go:23"
time="2022-09-23T19:32:53+05:00" level=info msg="read application configuration" func="newProject/internal/config.GetConfig.func1()" file="config.go:33"
time="2022-09-23T19:32:53+05:00" level=info func="newProject/internal/config.GetConfig.func1()" file="config.go:37"
time="2022-09-23T19:32:53+05:00" level=fatal msg="open config.yml: The system cannot find the file specified." func="newProject/internal/config.GetConfig.func1()" file="config.go:38"
time="2022-09-23T19:35:14+05:00" level=info msg="create router" func="main.main()" file="app.go:23"
time="2022-09-23T19:35:14+05:00" level=info msg="read application configuration" func="newProject/internal/config.GetConfig.func1()" file="config.go:33"
time="2022-09-23T19:35:14+05:00" level=info func="newProject/internal/config.GetConfig.func1()" file="config.go:37"
time="2022-09-23T19:35:14+05:00" level=fatal msg="open ./config.yml: The system cannot find the file specified." func="newProject/internal/config.GetConfig.func1()" file="config.go:38"
